# JRE version: Java(TM) SE Runtime Environment (8.0_131-b11) (build 1.8.0_131-b11)
# Java VM: Java HotSpot(TM) 64-Bit Server VM (25.131-b11 mixed mode windows-amd64 compressed oops)
Heap:
 PSYoungGen      total 148992K, used 43813K [0x0000000780800000, 0x000000078da80000, 0x00000007c0000000)
  eden space 134144K, 32% used [0x0000000780800000,0x00000007832c94c0,0x0000000788b00000)
  from space 14848K, 0% used [0x0000000788b00000,0x0000000788b00000,0x0000000789980000)
  to   space 17408K, 0% used [0x000000078c980000,0x000000078c980000,0x000000078da80000)
 ParOldGen       total 88064K, used 22421K [0x0000000701800000, 0x0000000706e00000, 0x0000000780800000)
  object space 88064K, 25% used [0x0000000701800000,0x0000000702de5728,0x0000000706e00000)
 Metaspace       used 39747K, capacity 40316K, committed 40704K, reserved 1085440K
  class space    used 4853K, capacity 5025K, committed 5120K, reserved 1048576K
GC Heap History (10 events):
Event: 4.852 GC heap before
{Heap before GC invocations=5 (full 1):
 PSYoungGen      total 106496K, used 8174K [0x0000000780800000, 0x0000000787800000, 0x00000007c0000000)
  eden space 98304K, 0% used [0x0000000780800000,0x0000000780800000,0x0000000786800000)
  from space 8192K, 99% used [0x0000000787000000,0x00000007877fb850,0x0000000787800000)
  to   space 8192K, 0% used [0x0000000786800000,0x0000000786800000,0x0000000787000000)
 ParOldGen       total 131072K, used 2018K [0x0000000701800000, 0x0000000709800000, 0x0000000780800000)
  object space 131072K, 1% used [0x0000000701800000,0x00000007019f89c8,0x0000000709800000)
 Metaspace       used 20767K, capacity 21076K, committed 21248K, reserved 1067008K
  class space    used 2657K, capacity 2745K, committed 2816K, reserved 1048576K
Event: 5.016 GC heap after
Heap after GC invocations=5 (full 1):
 PSYoungGen      total 106496K, used 0K [0x0000000780800000, 0x0000000787800000, 0x00000007c0000000)
  eden space 98304K, 0% used [0x0000000780800000,0x0000000780800000,0x0000000786800000)
  from space 8192K, 0% used [0x0000000787000000,0x0000000787000000,0x0000000787800000)
  to   space 8192K, 0% used [0x0000000786800000,0x0000000786800000,0x0000000787000000)
 ParOldGen       total 88064K, used 9182K [0x0000000701800000, 0x0000000706e00000, 0x0000000780800000)
  object space 88064K, 10% used [0x0000000701800000,0x00000007020f7970,0x0000000706e00000)
 Metaspace       used 20767K, capacity 21076K, committed 21248K, reserved 1067008K
  class space    used 2657K, capacity 2745K, committed 2816K, reserved 1048576K
}
Event: 5.809 GC heap before
{Heap before GC invocations=6 (full 1):
 PSYoungGen      total 106496K, used 98304K [0x0000000780800000, 0x0000000787800000, 0x00000007c0000000)
  eden space 98304K, 100% used [0x0000000780800000,0x0000000786800000,0x0000000786800000)
  from space 8192K, 0% used [0x0000000787000000,0x0000000787000000,0x0000000787800000)
  to   space 8192K, 0% used [0x0000000786800000,0x0000000786800000,0x0000000787000000)
 ParOldGen       total 88064K, used 9182K [0x0000000701800000, 0x0000000706e00000, 0x0000000780800000)
  object space 88064K, 10% used [0x0000000701800000,0x00000007020f7970,0x0000000706e00000)
 Metaspace       used 25222K, capacity 25618K, committed 25728K, reserved 1071104K
  class space    used 3245K, capacity 3366K, committed 3456K, reserved 1048576K
Event: 5.820 GC heap after
Heap after GC invocations=6 (full 1):
 PSYoungGen      total 106496K, used 8163K [0x0000000780800000, 0x000000078a500000, 0x00000007c0000000)
  eden space 98304K, 0% used [0x0000000780800000,0x0000000780800000,0x0000000786800000)
  from space 8192K, 99% used [0x0000000786800000,0x0000000786ff8f80,0x0000000787000000)
  to   space 11776K, 0% used [0x0000000789980000,0x0000000789980000,0x000000078a500000)
 ParOldGen       total 88064K, used 11677K [0x0000000701800000, 0x0000000706e00000, 0x0000000780800000)
  object space 88064K, 13% used [0x0000000701800000,0x0000000702367730,0x0000000706e00000)
 Metaspace       used 25222K, capacity 25618K, committed 25728K, reserved 1071104K
  class space    used 3245K, capacity 3366K, committed 3456K, reserved 1048576K
}
Event: 6.386 GC heap before
{Heap before GC invocations=7 (full 1):
 PSYoungGen      total 106496K, used 106467K [0x0000000780800000, 0x000000078a500000, 0x00000007c0000000)
  eden space 98304K, 100% used [0x0000000780800000,0x0000000786800000,0x0000000786800000)
  from space 8192K, 99% used [0x0000000786800000,0x0000000786ff8f80,0x0000000787000000)
  to   space 11776K, 0% used [0x0000000789980000,0x0000000789980000,0x000000078a500000)
 ParOldGen       total 88064K, used 11677K [0x0000000701800000, 0x0000000706e00000, 0x0000000780800000)
  object space 88064K, 13% used [0x0000000701800000,0x0000000702367730,0x0000000706e00000)
 Metaspace       used 29108K, capacity 29634K, committed 29824K, reserved 1075200K
  class space    used 3769K, capacity 3896K, committed 3968K, reserved 1048576K
Event: 6.401 GC heap after
Heap after GC invocations=7 (full 1):
 PSYoungGen      total 145920K, used 11757K [0x0000000780800000, 0x000000078ac00000, 0x00000007c0000000)
  eden space 134144K, 0% used [0x0000000780800000,0x0000000780800000,0x0000000788b00000)
  from space 11776K, 99% used [0x0000000789980000,0x000000078a4fb670,0x000000078a500000)
  to   space 14848K, 0% used [0x0000000788b00000,0x0000000788b00000,0x0000000789980000)
 ParOldGen       total 88064K, used 14593K [0x0000000701800000, 0x0000000706e00000, 0x0000000780800000)
  object space 88064K, 16% used [0x0000000701800000,0x00000007026407f0,0x0000000706e00000)
 Metaspace       used 29108K, capacity 29634K, committed 29824K, reserved 1075200K
  class space    used 3769K, capacity 3896K, committed 3968K, reserved 1048576K
}
Event: 16.059 GC heap before
{Heap before GC invocations=8 (full 1):
 PSYoungGen      total 145920K, used 121724K [0x0000000780800000, 0x000000078ac00000, 0x00000007c0000000)
  eden space 134144K, 81% used [0x0000000780800000,0x0000000787363a70,0x0000000788b00000)
  from space 11776K, 99% used [0x0000000789980000,0x000000078a4fb670,0x000000078a500000)
  to   space 14848K, 0% used [0x0000000788b00000,0x0000000788b00000,0x0000000789980000)
 ParOldGen       total 88064K, used 14593K [0x0000000701800000, 0x0000000706e00000, 0x0000000780800000)
  object space 88064K, 16% used [0x0000000701800000,0x00000007026407f0,0x0000000706e00000)
 Metaspace       used 34702K, capacity 35282K, committed 35416K, reserved 1081344K
  class space    used 4391K, capacity 4564K, committed 4608K, reserved 1048576K
Event: 16.074 GC heap after
Heap after GC invocations=8 (full 1):
 PSYoungGen      total 148992K, used 14820K [0x0000000780800000, 0x000000078da80000, 0x00000007c0000000)
  eden space 134144K, 0% used [0x0000000780800000,0x0000000780800000,0x0000000788b00000)
  from space 14848K, 99% used [0x0000000788b00000,0x0000000789979338,0x0000000789980000)
  to   space 17408K, 0% used [0x000000078c980000,0x000000078c980000,0x000000078da80000)
 ParOldGen       total 88064K, used 16833K [0x0000000701800000, 0x0000000706e00000, 0x0000000780800000)
  object space 88064K, 19% used [0x0000000701800000,0x0000000702870648,0x0000000706e00000)
 Metaspace       used 34702K, capacity 35282K, committed 35416K, reserved 1081344K
  class space    used 4391K, capacity 4564K, committed 4608K, reserved 1048576K
}
Event: 16.074 GC heap before
{Heap before GC invocations=9 (full 2):
 PSYoungGen      total 148992K, used 14820K [0x0000000780800000, 0x000000078da80000, 0x00000007c0000000)
  eden space 134144K, 0% used [0x0000000780800000,0x0000000780800000,0x0000000788b00000)
  from space 14848K, 99% used [0x0000000788b00000,0x0000000789979338,0x0000000789980000)
  to   space 17408K, 0% used [0x000000078c980000,0x000000078c980000,0x000000078da80000)
 ParOldGen       total 88064K, used 16833K [0x0000000701800000, 0x0000000706e00000, 0x0000000780800000)
  object space 88064K, 19% used [0x0000000701800000,0x0000000702870648,0x0000000706e00000)
 Metaspace       used 34702K, capacity 35282K, committed 35416K, reserved 1081344K
  class space    used 4391K, capacity 4564K, committed 4608K, reserved 1048576K
Event: 16.173 GC heap after
Heap after GC invocations=9 (full 2):
 PSYoungGen      total 148992K, used 0K [0x0000000780800000, 0x000000078da80000, 0x00000007c0000000)
  eden space 134144K, 0% used [0x0000000780800000,0x0000000780800000,0x0000000788b00000)
  from space 14848K, 0% used [0x0000000788b00000,0x0000000788b00000,0x0000000789980000)
  to   space 17408K, 0% used [0x000000078c980000,0x000000078c980000,0x000000078da80000)
 ParOldGen       total 88064K, used 22421K [0x0000000701800000, 0x0000000706e00000, 0x0000000780800000)
  object space 88064K, 25% used [0x0000000701800000,0x0000000702de5728,0x0000000706e00000)
 Metaspace       used 34702K, capacity 35282K, committed 35416K, reserved 1081344K
  class space    used 4391K, capacity 4564K, committed 4608K, reserved 1048576K
}

